0 info it worked if it ends with ok
1 verbose cli [ '/usr/local/Cellar/node/7.0.0/bin/node',
1 verbose cli   '/usr/local/bin/npm',
1 verbose cli   'run',
1 verbose cli   'deploy' ]
2 info using npm@3.10.8
3 info using node@v7.0.0
4 verbose run-script [ 'predeploy', 'deploy', 'postdeploy' ]
5 info lifecycle stephen.digital@~predeploy: stephen.digital@
6 silly lifecycle stephen.digital@~predeploy: no script for predeploy, continuing
7 info lifecycle stephen.digital@~deploy: stephen.digital@
8 verbose lifecycle stephen.digital@~deploy: unsafe-perm in lifecycle true
9 verbose lifecycle stephen.digital@~deploy: PATH: /usr/local/lib/node_modules/npm/bin/node-gyp-bin:/Users/stephen/Dev/portfolio/node_modules/.bin:/usr/local/Cellar/node/7.0.0/bin:/usr/local/bin:/usr/local/sbin:/usr/bin:/bin:/usr/sbin:/sbin
10 verbose lifecycle stephen.digital@~deploy: CWD: /Users/stephen/Dev/portfolio
11 silly lifecycle stephen.digital@~deploy: Args: [ '-c', 'gh-pages -d build' ]
12 silly lifecycle stephen.digital@~deploy: Returned: code: 1  signal: null
13 info lifecycle stephen.digital@~deploy: Failed to exec deploy script
14 verbose stack Error: stephen.digital@ deploy: `gh-pages -d build`
14 verbose stack Exit status 1
14 verbose stack     at EventEmitter.<anonymous> (/usr/local/lib/node_modules/npm/lib/utils/lifecycle.js:255:16)
14 verbose stack     at emitTwo (events.js:106:13)
14 verbose stack     at EventEmitter.emit (events.js:191:7)
14 verbose stack     at ChildProcess.<anonymous> (/usr/local/lib/node_modules/npm/lib/utils/spawn.js:40:14)
14 verbose stack     at emitTwo (events.js:106:13)
14 verbose stack     at ChildProcess.emit (events.js:191:7)
14 verbose stack     at maybeClose (internal/child_process.js:877:16)
14 verbose stack     at Process.ChildProcess._handle.onexit (internal/child_process.js:226:5)
15 verbose pkgid stephen.digital@
16 verbose cwd /Users/stephen/Dev/portfolio/contents/assets/fonts
17 error Darwin 16.5.0
18 error argv "/usr/local/Cellar/node/7.0.0/bin/node" "/usr/local/bin/npm" "run" "deploy"
19 error node v7.0.0
20 error npm  v3.10.8
21 error code ELIFECYCLE
22 error stephen.digital@ deploy: `gh-pages -d build`
22 error Exit status 1
23 error Failed at the stephen.digital@ deploy script 'gh-pages -d build'.
23 error Make sure you have the latest version of node.js and npm installed.
23 error If you do, this is most likely a problem with the stephen.digital package,
23 error not with npm itself.
23 error Tell the author that this fails on your system:
23 error     gh-pages -d build
23 error You can get information on how to open an issue for this project with:
23 error     npm bugs stephen.digital
23 error Or if that isn't available, you can get their info via:
23 error     npm owner ls stephen.digital
23 error There is likely additional logging output above.
24 verbose exit [ 1, true ]
